%このファイルは日本語文字を含みます.
\BOOKMARK [0][-]{chapter*.1}{概要}{}% 1
\BOOKMARK [0][-]{chapter.1}{はじめに}{}% 2
\BOOKMARK [0][-]{chapter.2}{研究の準備}{}% 3
\BOOKMARK [1][-]{section.2.1}{入力対象とするWebページ}{chapter.2}% 4
\BOOKMARK [1][-]{section.2.2}{視覚的回帰テスト}{chapter.2}% 5
\BOOKMARK [1][-]{section.2.3}{レイアウトの不具合}{chapter.2}% 6
\BOOKMARK [1][-]{section.2.4}{OpenCV}{chapter.2}% 7
\BOOKMARK [1][-]{section.2.5}{Pillow}{chapter.2}% 8
\BOOKMARK [1][-]{section.2.6}{NumPy}{chapter.2}% 9
\BOOKMARK [1][-]{section.2.7}{Selenium WebDriver}{chapter.2}% 10
\BOOKMARK [1][-]{section.2.8}{requests}{chapter.2}% 11
\BOOKMARK [1][-]{section.2.9}{BeautifulSoup}{chapter.2}% 12
\BOOKMARK [1][-]{section.2.10}{difflib}{chapter.2}% 13
\BOOKMARK [1][-]{section.2.11}{Flask}{chapter.2}% 14
\BOOKMARK [1][-]{section.2.12}{MixVRTの環境構築}{chapter.2}% 15
\BOOKMARK [1][-]{section.2.13}{pタグ内のテキストの整形}{chapter.2}% 16
\BOOKMARK [0][-]{chapter.3}{ MixVRTの機能と外観}{}% 17
\BOOKMARK [1][-]{section.3.1}{MixVRTの機能}{chapter.3}% 18
\BOOKMARK [2][-]{subsection.3.1.1}{実行コマンド}{section.3.1}% 19
\BOOKMARK [2][-]{subsection.3.1.2}{事前準備}{section.3.1}% 20
\BOOKMARK [2][-]{subsection.3.1.3}{入出力}{section.3.1}% 21
\BOOKMARK [2][-]{subsection.3.1.4}{変更前画像と変更前HTMLコードの更新}{section.3.1}% 22
\BOOKMARK [1][-]{section.3.2}{MixVRTの外観}{chapter.3}% 23
\BOOKMARK [2][-]{subsection.3.2.1}{オリジナル表示タブ}{section.3.2}% 24
\BOOKMARK [2][-]{subsection.3.2.2}{画像比較に基づく差分箇所表示タブ}{section.3.2}% 25
\BOOKMARK [2][-]{subsection.3.2.3}{HTMLコードの変更に基づく影響箇所表示タブ}{section.3.2}% 26
\BOOKMARK [2][-]{subsection.3.2.4}{レイアウトの不具合箇所表示タブ}{section.3.2}% 27
\BOOKMARK [0][-]{chapter.4}{MixVRTの実装}{}% 28
\BOOKMARK [1][-]{section.4.1}{データ管理部}{chapter.4}% 29
\BOOKMARK [1][-]{section.4.2}{取得部}{chapter.4}% 30
\BOOKMARK [1][-]{section.4.3}{画像比較部}{chapter.4}% 31
\BOOKMARK [2][-]{subsection.4.3.1}{高解像度画像生成処理}{section.4.3}% 32
\BOOKMARK [2][-]{subsection.4.3.2}{適応的二値化処理}{section.4.3}% 33
\BOOKMARK [2][-]{subsection.4.3.3}{差分検出処理}{section.4.3}% 34
\BOOKMARK [2][-]{subsection.4.3.4}{膨張処理}{section.4.3}% 35
\BOOKMARK [2][-]{subsection.4.3.5}{輪郭検出処理}{section.4.3}% 36
\BOOKMARK [2][-]{subsection.4.3.6}{枠描画処理}{section.4.3}% 37
\BOOKMARK [1][-]{section.4.4}{HTML比較部}{chapter.4}% 38
\BOOKMARK [2][-]{subsection.4.4.1}{差分コード生成処理}{section.4.4}% 39
\BOOKMARK [2][-]{subsection.4.4.2}{枠付きHTMLコード生成処理}{section.4.4}% 40
\BOOKMARK [2][-]{subsection.4.4.3}{枠抽出処理}{section.4.4}% 41
\BOOKMARK [1][-]{section.4.5}{副作用抽出部}{chapter.4}% 42
\BOOKMARK [1][-]{section.4.6}{不具合抽出部}{chapter.4}% 43
\BOOKMARK [1][-]{section.4.7}{表示部}{chapter.4}% 44
\BOOKMARK [0][-]{chapter.5}{適用例}{}% 45
\BOOKMARK [1][-]{section.5.1}{画面要素の隠れの可視化}{chapter.5}% 46
\BOOKMARK [1][-]{section.5.2}{画面要素の見切れの可視化}{chapter.5}% 47
\BOOKMARK [1][-]{section.5.3}{画面要素の重なりの可視化}{chapter.5}% 48
\BOOKMARK [0][-]{chapter.6}{考察}{}% 49
\BOOKMARK [1][-]{section.6.1}{MixVRTの有用性に関する評価}{chapter.6}% 50
\BOOKMARK [2][-]{subsection.6.1.1}{レイアウトの不具合発見時間に関する評価}{section.6.1}% 51
\BOOKMARK [2][-]{subsection.6.1.2}{レイアウトの不具合発見率に関する評価}{section.6.1}% 52
\BOOKMARK [1][-]{section.6.2}{関連研究}{chapter.6}% 53
\BOOKMARK [1][-]{section.6.3}{MixVRTの問題点とその解決策}{chapter.6}% 54
\BOOKMARK [0][-]{chapter.7}{おわりに}{}% 55
\BOOKMARK [0][-]{chapter*.23}{謝辞}{}% 56
